<?xml version="1.0"?>
<?xml-stylesheet type="text/xsl" href="advisor.xsl"?>
<Report xmlns:dt="urn:schemas-microsoft-com:datatypes"><ExperimentInfo><ExperimentName dt:dt="string">Test</ExperimentName><SessionDate dt:dt="string">06-15-2016</SessionDate><SessionTime dt:dt="string">14:17:13</SessionTime><Subject dt:dt="int">1</Subject><Session dt:dt="int">1</Session><Group dt:dt="int">1</Group><TestMode dt:dt="boolean">0</TestMode><ElapsedTime dt:dt="string">0 Minutes, 1 Seconds</ElapsedTime></ExperimentInfo><TimeAuditInfo><TimeAuditObjects><TimeAuditObject><Name dt:dt="string">SoundOut1</Name></TimeAuditObject><TimeAuditObject><Name dt:dt="string">SoundOut2</Name></TimeAuditObject></TimeAuditObjects></TimeAuditInfo><AdvisorModules><AdvisorModule><Present dt:dt="boolean">1</Present><Enabled dt:dt="boolean">1</Enabled><Caption dt:dt="string">Object in experiment does not run</Caption><Description dt:dt="string">An object was created from the Toolbox in E-Studio or with E-Basic but never runs on a Procedure or through InLine script.</Description><DefinitionGuid dt:dt="string">{977A0731-ED4F-4772-BF32-4E8B2870EAED}</DefinitionGuid></AdvisorModule><AdvisorModule><Present dt:dt="boolean">1</Present><Enabled dt:dt="boolean">1</Enabled><Caption dt:dt="string">Volatile Clock</Caption><Description dt:dt="string">The E-Prime Primary Clock is configured in a way that could cause timing inconsistencies. Contact PST Tech Support to configure the clock for more stabilized performance when this finding is detected.</Description><DefinitionGuid dt:dt="string">{60BEA5C4-6FE8-4EB7-8915-AAACF8258404}</DefinitionGuid></AdvisorModule><AdvisorModule><Present dt:dt="boolean">1</Present><Enabled dt:dt="boolean">1</Enabled><Caption dt:dt="string">Procedure ends with pending InputMask objects</Caption><Description dt:dt="string">There are input masks that continue to collect responses at the end of a Procedure. To ensure that responses are collected and properly logged, set the TimeLimit property to (until feedback) or (end of proc) and the Procedure.ProcessPendingInputMasks property to All or Last.</Description><DefinitionGuid dt:dt="string">{E87CD980-15BD-4393-8583-E0E7BCC5DF3A}</DefinitionGuid></AdvisorModule><AdvisorModule><Present dt:dt="boolean">1</Present><Enabled dt:dt="boolean">1</Enabled><Caption dt:dt="string">Movie and audio stimuli not mapped</Caption><Description dt:dt="string">A movie or audio file is not using mappings available through Codec Config. Failure to map movie or audio files to specific codecs can negatively affect timing and performance of movies and sounds while running the experiment.</Description><DefinitionGuid dt:dt="string">{72A59214-3F45-4B98-84BC-4E63903B8374}</DefinitionGuid></AdvisorModule><AdvisorModule><Present dt:dt="boolean">1</Present><Enabled dt:dt="boolean">1</Enabled><Caption dt:dt="string">Duration not divisible by refresh rate</Caption><Description dt:dt="string">An object with its OnsetSync property set to (vertical blank) has a Duration value that is not divisible by the DisplayDevice calulated refresh rate, which can lead to larger OnsetDelay and other timing issues.</Description><DefinitionGuid dt:dt="string">{4AD2EB1F-8E4A-4B24-A38C-1E0EE032A9EC}</DefinitionGuid></AdvisorModule><AdvisorModule><Present dt:dt="boolean">1</Present><Enabled dt:dt="boolean">1</Enabled><Caption dt:dt="string">Non-Visual object using OnsetSync or OffsetSync</Caption><Description dt:dt="string">A non-visual object (SoundOut, SoundIn, Wait) has either of its OnsetSync or OffsetSync properties set to (vertical blank) which is usually unnecessary unless syncing with external equipment.</Description><DefinitionGuid dt:dt="string">{E1AF242F-4142-48EC-9FEE-2A47AF3176FD}</DefinitionGuid></AdvisorModule><AdvisorModule><Present dt:dt="boolean">1</Present><Enabled dt:dt="boolean">1</Enabled><Caption dt:dt="string">Text object has matching BackColor and ForeColor</Caption><Description dt:dt="string">A TextDisplay or SlideText object has BackStyle set to opaque with identical values for BackColor and ForeColor, which can lead to an object not being visible during an experiment.</Description><DefinitionGuid dt:dt="string">{6C660ACC-674E-4E8F-9CEF-B5D1E6799E17}</DefinitionGuid></AdvisorModule><AdvisorModule><Present dt:dt="boolean">1</Present><Enabled dt:dt="boolean">1</Enabled><Caption dt:dt="string">Use of ClearAfter</Caption><Description dt:dt="string">An object has its ClearAfter property set to Yes. ClearAfter is a deprecated property.</Description><DefinitionGuid dt:dt="string">{802B9EB1-1D9C-4B1D-A36C-05748B9F93C9}</DefinitionGuid></AdvisorModule><AdvisorModule><Present dt:dt="boolean">1</Present><Enabled dt:dt="boolean">1</Enabled><Caption dt:dt="string">Use of Stretch</Caption><Description dt:dt="string">A visual object has its Stretch property set to Yes, which can cause display timing anomalies.  Instead of using Stretch, consider editing the source material to match the size and proportions you want to display during the experiment.</Description><DefinitionGuid dt:dt="string">{9FA8794D-625C-49A0-BF1B-C1244A18FB28}</DefinitionGuid></AdvisorModule><AdvisorModule><Present dt:dt="boolean">1</Present><Enabled dt:dt="boolean">1</Enabled><Caption dt:dt="string">Display adapter set to clone mode</Caption><Description dt:dt="string">The display adapter of the machine is set to clone or mirror mode. Mirroring can cause timing issues since vertical blank synchronization is not accurate between multiple displays, and determining which display is considered primary can cause confusion and may not be consistent between computer configurations.</Description><DefinitionGuid dt:dt="string">{08B7EA85-6E98-407F-BB95-BEEC0254B9D1}</DefinitionGuid></AdvisorModule><AdvisorModule><Present dt:dt="boolean">1</Present><Enabled dt:dt="boolean">1</Enabled><Caption dt:dt="string">Large OnsetDelay</Caption><Description dt:dt="string">An object is collecting OnsetDelay Stats and has an OnsetDelay that is larger than a single refresh. Setting the Duration property to a value divisible by the refresh rate and the PreRelease property to (same as duration) will typically reduce OnsetDelay values.</Description><DefinitionGuid dt:dt="string">{F2B71F0D-E54F-447A-A362-FA8188103FD0}</DefinitionGuid></AdvisorModule><AdvisorModule><Present dt:dt="boolean">1</Present><Enabled dt:dt="boolean">1</Enabled><Caption dt:dt="string">Use of WaitForVerticalBlank when FlippingEnabled</Caption><Description dt:dt="string">The DisplayDevice.WaitForVerticalBlank E-Basic command is used when the DisplayDevice.FlippingEnabled property is set to Yes/True.  Calling WaitForVerticalBlank while flipping is enabled can cause timing concerns.</Description><DefinitionGuid dt:dt="string">{5762C01F-C62A-4DEE-A697-D59AF3626A6D}</DefinitionGuid></AdvisorModule><AdvisorModule><Present dt:dt="boolean">1</Present><Enabled dt:dt="boolean">1</Enabled><Caption dt:dt="string">Direct Canvas Commands</Caption><Description dt:dt="string">Detects when a Canvas command other than Copy is invoked that would directly alter the screen contents.  It is recommended to perform all Canvas drawing on an offscreen Canvas and then use the Copy method to display the contents to the screen.</Description><DefinitionGuid dt:dt="string">{E940F3DA-590B-4BD2-A7CA-B40803826403}</DefinitionGuid></AdvisorModule><AdvisorModule><Present dt:dt="boolean">1</Present><Enabled dt:dt="boolean">1</Enabled><Caption dt:dt="string">Evaluate SoundDevice.API</Caption><Description dt:dt="string">Detects when a SoundDevice is using the DirectSound(TM) API on Windows Vista or later which typically cannot achieve latency values under 30ms. ASIO or CoreAudio recommended for Windows Vista or later.  Use SoundTester to choose the most appropriate API for the experiment computer.</Description><DefinitionGuid dt:dt="string">{DBB1E77E-A3EA-4E7C-B6D5-A792F6EB6802}</DefinitionGuid></AdvisorModule><AdvisorModule><Present dt:dt="boolean">1</Present><Enabled dt:dt="boolean">1</Enabled><Caption dt:dt="string">Operating System not verified</Caption><Description dt:dt="string">Detects if the operating system used to run the experiment has not been verified by PST.  When a new edition of an Operating System, patch, or service pack is released after E-Prime, there is a possibility the timing and compatibility characteristics have changed.  Check www.pstnet.com for more info regarding this operating system and its usage characteristics with E-Prime.</Description><DefinitionGuid dt:dt="string">{0CC004EC-9AD9-4350-B7C5-5EA0D778483D}</DefinitionGuid></AdvisorModule></AdvisorModules><AdvisorModuleFindings><AdvisorModuleFinding><AdvisorModuleCaption dt:dt="string">Evaluate SoundDevice.API</AdvisorModuleCaption><AdvisorModuleDefinitionGuid dt:dt="string">{DBB1E77E-A3EA-4E7C-B6D5-A792F6EB6802}</AdvisorModuleDefinitionGuid><Category dt:dt="string">Design</Category><Message dt:dt="string">The 'Sound' device is using the DirectSound API on Windows Vista or later which typically cannot achieve latency values under 30ms. CoreAudio or ASIO APIs are recommended for Windows Vista or later.</Message><MessageUrlEscape dt:dt="string">The%20'Sound'%20device%20is%20using%20the%20DirectSound%20API%20on%20Windows%20Vista%20or%20later%20which%20typically%20cannot%20achieve%20latency%20values%20under%2030ms.%20CoreAudio%20or%20ASIO%20APIs%20are%20recommended%20for%20Windows%20Vista%20or%20later.</MessageUrlEscape><MessageCount dt:dt="int">1</MessageCount></AdvisorModuleFinding><AdvisorModuleFinding><AdvisorModuleCaption dt:dt="string">Movie and audio stimuli not mapped</AdvisorModuleCaption><AdvisorModuleDefinitionGuid dt:dt="string">{72A59214-3F45-4B98-84BC-4E63903B8374}</AdvisorModuleDefinitionGuid><Category dt:dt="string">Timing</Category><Message dt:dt="string">The 'SoundOut1' object has a movie or audio stimulus that is not mapped with CodecConfig.</Message><MessageUrlEscape dt:dt="string">The%20'SoundOut1'%20object%20has%20a%20movie%20or%20audio%20stimulus%20that%20is%20not%20mapped%20with%20CodecConfig.</MessageUrlEscape><MessageCount dt:dt="int">1</MessageCount></AdvisorModuleFinding><AdvisorModuleFinding><AdvisorModuleCaption dt:dt="string">Movie and audio stimuli not mapped</AdvisorModuleCaption><AdvisorModuleDefinitionGuid dt:dt="string">{72A59214-3F45-4B98-84BC-4E63903B8374}</AdvisorModuleDefinitionGuid><Category dt:dt="string">Timing</Category><Message dt:dt="string">The 'SoundOut2' object has a movie or audio stimulus that is not mapped with CodecConfig.</Message><MessageUrlEscape dt:dt="string">The%20'SoundOut2'%20object%20has%20a%20movie%20or%20audio%20stimulus%20that%20is%20not%20mapped%20with%20CodecConfig.</MessageUrlEscape><MessageCount dt:dt="int">1</MessageCount></AdvisorModuleFinding></AdvisorModuleFindings><Clock><Property><PropertyName dt:dt="string">Description</PropertyName><PropertyValue dt:dt="string">E-Prime Primary Realtime Clock</PropertyValue></Property><Property><PropertyName dt:dt="string">Scale</PropertyName><PropertyValue dt:dt="r8">1</PropertyValue></Property><Property><PropertyName dt:dt="string">StartTimestamp</PropertyName><PropertyValue>0</PropertyValue></Property><Property><PropertyName dt:dt="string">StartDateUtc</PropertyName><PropertyValue dt:dt="string">2016-06-15T12:17:12Z</PropertyValue></Property><Property><PropertyName dt:dt="string">Guid</PropertyName><PropertyValue dt:dt="string">{10343DBD-55BE-45C7-AA62-A5239F6918AB}</PropertyValue></Property></Clock><Devices><Device><Property><PropertyName dt:dt="string">Name</PropertyName><PropertyValue dt:dt="string">Display</PropertyValue></Property><Property><PropertyName dt:dt="string">Type</PropertyName><PropertyValue dt:dt="string">DisplayDevice</PropertyValue></Property><Property><PropertyName dt:dt="string">DisplayIndex</PropertyName><PropertyValue>1</PropertyValue></Property><Property><PropertyName dt:dt="string">XRes</PropertyName><PropertyValue dt:dt="int">640</PropertyValue></Property><Property><PropertyName dt:dt="string">YRes</PropertyName><PropertyValue dt:dt="int">480</PropertyValue></Property><Property><PropertyName dt:dt="string">ColorDepth</PropertyName><PropertyValue dt:dt="int">32</PropertyValue></Property><Property><PropertyName dt:dt="string">RefreshRateRequested</PropertyName><PropertyValue dt:dt="int">0</PropertyValue></Property><Property><PropertyName dt:dt="string">RefreshRateCalculated</PropertyName><PropertyValue dt:dt="r8">60.0018000540016</PropertyValue></Property><Property><PropertyName dt:dt="string">RefreshAlignment</PropertyName><PropertyValue dt:dt="string">25%</PropertyValue></Property><Property><PropertyName dt:dt="string">FlippingEnabled</PropertyName><PropertyValue dt:dt="boolean">1</PropertyValue></Property></Device><Device><Property><PropertyName dt:dt="string">Name</PropertyName><PropertyValue dt:dt="string">Keyboard</PropertyValue></Property><Property><PropertyName dt:dt="string">Type</PropertyName><PropertyValue dt:dt="string">KeyboardInputDevice</PropertyValue></Property><Property><PropertyName dt:dt="string">CollectionMode</PropertyName><PropertyValue dt:dt="string">Presses Only</PropertyValue></Property><Property><PropertyName dt:dt="string">EmulateDevice</PropertyName><PropertyValue dt:dt="string">(none)</PropertyValue></Property><Property><PropertyName dt:dt="string">CapsLock</PropertyName><PropertyValue dt:dt="string">No</PropertyValue></Property><Property><PropertyName dt:dt="string">NumLock</PropertyName><PropertyValue dt:dt="string">No</PropertyValue></Property></Device><Device><Property><PropertyName dt:dt="string">Name</PropertyName><PropertyValue dt:dt="string">Mouse</PropertyValue></Property><Property><PropertyName dt:dt="string">Type</PropertyName><PropertyValue dt:dt="string">MouseInputDevice</PropertyValue></Property><Property><PropertyName dt:dt="string">CollectionMode</PropertyName><PropertyValue dt:dt="string">Presses Only</PropertyValue></Property><Property><PropertyName dt:dt="string">EmulateDevice</PropertyName><PropertyValue dt:dt="string">(none)</PropertyValue></Property><Property><PropertyName dt:dt="string">OpenMode</PropertyName><PropertyValue dt:dt="string">Direct</PropertyValue></Property><Property><PropertyName dt:dt="string">ShowCursor</PropertyName><PropertyValue dt:dt="string">No</PropertyValue></Property></Device><Device><Property><PropertyName dt:dt="string">Name</PropertyName><PropertyValue dt:dt="string">Sound</PropertyValue></Property><Property><PropertyName dt:dt="string">Type</PropertyName><PropertyValue dt:dt="string">SoundDevice</PropertyValue></Property><Property><PropertyName dt:dt="string">API</PropertyName><PropertyValue dt:dt="string">DirectSound</PropertyValue></Property><Property><PropertyName dt:dt="string">DeviceIndex</PropertyName><PropertyValue dt:dt="int">1</PropertyValue></Property><Property><PropertyName dt:dt="string">Channels</PropertyName><PropertyValue dt:dt="int">0</PropertyValue></Property><Property><PropertyName dt:dt="string">SamplesPerSecond</PropertyName><PropertyValue dt:dt="int">0</PropertyValue></Property><Property><PropertyName dt:dt="string">BitsPerSample</PropertyName><PropertyValue dt:dt="int">0</PropertyValue></Property></Device></Devices><RunningApplications><RunningApplication><ImageName dt:dt="string">[System Process]</ImageName><ProcessID dt:dt="string">0</ProcessID><WorkingSetSizeKB dt:dt="string"> </WorkingSetSizeKB><ImageFullName dt:dt="string"> </ImageFullName><ImageSize dt:dt="string"> </ImageSize><FileVersion dt:dt="string"> </FileVersion><LastModifiedDateTime dt:dt="string"> </LastModifiedDateTime></RunningApplication><RunningApplication><ImageName dt:dt="string">System</ImageName><ProcessID dt:dt="string">4</ProcessID><WorkingSetSizeKB dt:dt="string"> </WorkingSetSizeKB><ImageFullName dt:dt="string"> </ImageFullName><ImageSize dt:dt="string"> </ImageSize><FileVersion dt:dt="string"> </FileVersion><LastModifiedDateTime dt:dt="string"> </LastModifiedDateTime></RunningApplication><RunningApplication><ImageName dt:dt="string">smss.exe</ImageName><ProcessID dt:dt="string">312</ProcessID><WorkingSetSizeKB dt:dt="string"> </WorkingSetSizeKB><ImageFullName dt:dt="string"> </ImageFullName><ImageSize dt:dt="string"> </ImageSize><FileVersion dt:dt="string"> </FileVersion><LastModifiedDateTime dt:dt="string"> </LastModifiedDateTime></RunningApplication><RunningApplication><ImageName dt:dt="string">csrss.exe</ImageName><ProcessID dt:dt="string">472</ProcessID><WorkingSetSizeKB dt:dt="string"> </WorkingSetSizeKB><ImageFullName dt:dt="string"> </ImageFullName><ImageSize dt:dt="string"> </ImageSize><FileVersion dt:dt="string"> </FileVersion><LastModifiedDateTime dt:dt="string"> </LastModifiedDateTime></RunningApplication><RunningApplication><ImageName dt:dt="string">wininit.exe</ImageName><ProcessID dt:dt="string">556</ProcessID><WorkingSetSizeKB dt:dt="string"> </WorkingSetSizeKB><ImageFullName dt:dt="string"> </ImageFullName><ImageSize dt:dt="string"> </ImageSize><FileVersion dt:dt="string"> </FileVersion><LastModifiedDateTime dt:dt="string"> </LastModifiedDateTime></RunningApplication><RunningApplication><ImageName dt:dt="string">csrss.exe</ImageName><ProcessID dt:dt="string">580</ProcessID><WorkingSetSizeKB dt:dt="string"> </WorkingSetSizeKB><ImageFullName dt:dt="string"> </ImageFullName><ImageSize dt:dt="string"> </ImageSize><FileVersion dt:dt="string"> </FileVersion><LastModifiedDateTime dt:dt="string"> </LastModifiedDateTime></RunningApplication><RunningApplication><ImageName dt:dt="string">services.exe</ImageName><ProcessID dt:dt="string">624</ProcessID><WorkingSetSizeKB dt:dt="string"> </WorkingSetSizeKB><ImageFullName dt:dt="string"> </ImageFullName><ImageSize dt:dt="string"> </ImageSize><FileVersion dt:dt="string"> </FileVersion><LastModifiedDateTime dt:dt="string"> </LastModifiedDateTime></RunningApplication><RunningApplication><ImageName dt:dt="string">lsass.exe</ImageName><ProcessID dt:dt="string">640</ProcessID><WorkingSetSizeKB dt:dt="string"> </WorkingSetSizeKB><ImageFullName dt:dt="string"> </ImageFullName><ImageSize dt:dt="string"> </ImageSize><FileVersion dt:dt="string"> </FileVersion><LastModifiedDateTime dt:dt="string"> </LastModifiedDateTime></RunningApplication><RunningApplication><ImageName dt:dt="string">lsm.exe</ImageName><ProcessID dt:dt="string">648</ProcessID><WorkingSetSizeKB dt:dt="string"> </WorkingSetSizeKB><ImageFullName dt:dt="string"> </ImageFullName><ImageSize dt:dt="string"> </ImageSize><FileVersion dt:dt="string"> </FileVersion><LastModifiedDateTime dt:dt="string"> </LastModifiedDateTime></RunningApplication><RunningApplication><ImageName dt:dt="string">winlogon.exe</ImageName><ProcessID dt:dt="string">676</ProcessID><WorkingSetSizeKB dt:dt="string"> </WorkingSetSizeKB><ImageFullName dt:dt="string"> </ImageFullName><ImageSize dt:dt="string"> </ImageSize><FileVersion dt:dt="string"> </FileVersion><LastModifiedDateTime dt:dt="string"> </LastModifiedDateTime></RunningApplication><RunningApplication><ImageName dt:dt="string">svchost.exe</ImageName><ProcessID dt:dt="string">792</ProcessID><WorkingSetSizeKB dt:dt="string"> </WorkingSetSizeKB><ImageFullName dt:dt="string"> </ImageFullName><ImageSize dt:dt="string"> </ImageSize><FileVersion dt:dt="string"> </FileVersion><LastModifiedDateTime dt:dt="string"> </LastModifiedDateTime></RunningApplication><RunningApplication><ImageName dt:dt="string">svchost.exe</ImageName><ProcessID dt:dt="string">872</ProcessID><WorkingSetSizeKB dt:dt="string"> </WorkingSetSizeKB><ImageFullName dt:dt="string"> </ImageFullName><ImageSize dt:dt="string"> </ImageSize><FileVersion dt:dt="string"> </FileVersion><LastModifiedDateTime dt:dt="string"> </LastModifiedDateTime></RunningApplication><RunningApplication><ImageName dt:dt="string">svchost.exe</ImageName><ProcessID dt:dt="string">952</ProcessID><WorkingSetSizeKB dt:dt="string"> </WorkingSetSizeKB><ImageFullName dt:dt="string"> </ImageFullName><ImageSize dt:dt="string"> </ImageSize><FileVersion dt:dt="string"> </FileVersion><LastModifiedDateTime dt:dt="string"> </LastModifiedDateTime></RunningApplication><RunningApplication><ImageName dt:dt="string">svchost.exe</ImageName><ProcessID dt:dt="string">120</ProcessID><WorkingSetSizeKB dt:dt="string"> </WorkingSetSizeKB><ImageFullName dt:dt="string"> </ImageFullName><ImageSize dt:dt="string"> </ImageSize><FileVersion dt:dt="string"> </FileVersion><LastModifiedDateTime dt:dt="string"> </LastModifiedDateTime></RunningApplication><RunningApplication><ImageName dt:dt="string">svchost.exe</ImageName><ProcessID dt:dt="string">332</ProcessID><WorkingSetSizeKB dt:dt="string"> </WorkingSetSizeKB><ImageFullName dt:dt="string"> </ImageFullName><ImageSize dt:dt="string"> </ImageSize><FileVersion dt:dt="string"> </FileVersion><LastModifiedDateTime dt:dt="string"> </LastModifiedDateTime></RunningApplication><RunningApplication><ImageName dt:dt="string">svchost.exe</ImageName><ProcessID dt:dt="string">404</ProcessID><WorkingSetSizeKB dt:dt="string"> </WorkingSetSizeKB><ImageFullName dt:dt="string"> </ImageFullName><ImageSize dt:dt="string"> </ImageSize><FileVersion dt:dt="string"> </FileVersion><LastModifiedDateTime dt:dt="string"> </LastModifiedDateTime></RunningApplication><RunningApplication><ImageName dt:dt="string">svchost.exe</ImageName><ProcessID dt:dt="string">568</ProcessID><WorkingSetSizeKB dt:dt="string"> </WorkingSetSizeKB><ImageFullName dt:dt="string"> </ImageFullName><ImageSize dt:dt="string"> </ImageSize><FileVersion dt:dt="string"> </FileVersion><LastModifiedDateTime dt:dt="string"> </LastModifiedDateTime></RunningApplication><RunningApplication><ImageName dt:dt="string">svchost.exe</ImageName><ProcessID dt:dt="string">520</ProcessID><WorkingSetSizeKB dt:dt="string"> </WorkingSetSizeKB><ImageFullName dt:dt="string"> </ImageFullName><ImageSize dt:dt="string"> </ImageSize><FileVersion dt:dt="string"> </FileVersion><LastModifiedDateTime dt:dt="string"> </LastModifiedDateTime></RunningApplication><RunningApplication><ImageName dt:dt="string">spoolsv.exe</ImageName><ProcessID dt:dt="string">1120</ProcessID><WorkingSetSizeKB dt:dt="string"> </WorkingSetSizeKB><ImageFullName dt:dt="string"> </ImageFullName><ImageSize dt:dt="string"> </ImageSize><FileVersion dt:dt="string"> </FileVersion><LastModifiedDateTime dt:dt="string"> </LastModifiedDateTime></RunningApplication><RunningApplication><ImageName dt:dt="string">svchost.exe</ImageName><ProcessID dt:dt="string">1148</ProcessID><WorkingSetSizeKB dt:dt="string"> </WorkingSetSizeKB><ImageFullName dt:dt="string"> </ImageFullName><ImageSize dt:dt="string"> </ImageSize><FileVersion dt:dt="string"> </FileVersion><LastModifiedDateTime dt:dt="string"> </LastModifiedDateTime></RunningApplication><RunningApplication><ImageName dt:dt="string">armsvc.exe</ImageName><ProcessID dt:dt="string">1248</ProcessID><WorkingSetSizeKB dt:dt="string"> </WorkingSetSizeKB><ImageFullName dt:dt="string"> </ImageFullName><ImageSize dt:dt="string"> </ImageSize><FileVersion dt:dt="string"> </FileVersion><LastModifiedDateTime dt:dt="string"> </LastModifiedDateTime></RunningApplication><RunningApplication><ImageName dt:dt="string">svchost.exe</ImageName><ProcessID dt:dt="string">1380</ProcessID><WorkingSetSizeKB dt:dt="string"> </WorkingSetSizeKB><ImageFullName dt:dt="string"> </ImageFullName><ImageSize dt:dt="string"> </ImageSize><FileVersion dt:dt="string"> </FileVersion><LastModifiedDateTime dt:dt="string"> </LastModifiedDateTime></RunningApplication><RunningApplication><ImageName dt:dt="string">hasplms.exe</ImageName><ProcessID dt:dt="string">1416</ProcessID><WorkingSetSizeKB dt:dt="string"> </WorkingSetSizeKB><ImageFullName dt:dt="string"> </ImageFullName><ImageSize dt:dt="string"> </ImageSize><FileVersion dt:dt="string"> </FileVersion><LastModifiedDateTime dt:dt="string"> </LastModifiedDateTime></RunningApplication><RunningApplication><ImageName dt:dt="string">macmnsvc.exe</ImageName><ProcessID dt:dt="string">1452</ProcessID><WorkingSetSizeKB dt:dt="string"> </WorkingSetSizeKB><ImageFullName dt:dt="string"> </ImageFullName><ImageSize dt:dt="string"> </ImageSize><FileVersion dt:dt="string"> </FileVersion><LastModifiedDateTime dt:dt="string"> </LastModifiedDateTime></RunningApplication><RunningApplication><ImageName dt:dt="string">masvc.exe</ImageName><ProcessID dt:dt="string">1472</ProcessID><WorkingSetSizeKB dt:dt="string"> </WorkingSetSizeKB><ImageFullName dt:dt="string"> </ImageFullName><ImageSize dt:dt="string"> </ImageSize><FileVersion dt:dt="string"> </FileVersion><LastModifiedDateTime dt:dt="string"> </LastModifiedDateTime></RunningApplication><RunningApplication><ImageName dt:dt="string">VsTskMgr.exe</ImageName><ProcessID dt:dt="string">1500</ProcessID><WorkingSetSizeKB dt:dt="string"> </WorkingSetSizeKB><ImageFullName dt:dt="string"> </ImageFullName><ImageSize dt:dt="string"> </ImageSize><FileVersion dt:dt="string"> </FileVersion><LastModifiedDateTime dt:dt="string"> </LastModifiedDateTime></RunningApplication><RunningApplication><ImageName dt:dt="string">mfeann.exe</ImageName><ProcessID dt:dt="string">1568</ProcessID><WorkingSetSizeKB dt:dt="string"> </WorkingSetSizeKB><ImageFullName dt:dt="string"> </ImageFullName><ImageSize dt:dt="string"> </ImageSize><FileVersion dt:dt="string"> </FileVersion><LastModifiedDateTime dt:dt="string"> </LastModifiedDateTime></RunningApplication><RunningApplication><ImageName dt:dt="string">mfemms.exe</ImageName><ProcessID dt:dt="string">1576</ProcessID><WorkingSetSizeKB dt:dt="string"> </WorkingSetSizeKB><ImageFullName dt:dt="string"> </ImageFullName><ImageSize dt:dt="string"> </ImageSize><FileVersion dt:dt="string"> </FileVersion><LastModifiedDateTime dt:dt="string"> </LastModifiedDateTime></RunningApplication><RunningApplication><ImageName dt:dt="string">mfevtps.exe</ImageName><ProcessID dt:dt="string">1600</ProcessID><WorkingSetSizeKB dt:dt="string"> </WorkingSetSizeKB><ImageFullName dt:dt="string"> </ImageFullName><ImageSize dt:dt="string"> </ImageSize><FileVersion dt:dt="string"> </FileVersion><LastModifiedDateTime dt:dt="string"> </LastModifiedDateTime></RunningApplication><RunningApplication><ImageName dt:dt="string">svchost.exe</ImageName><ProcessID dt:dt="string">1648</ProcessID><WorkingSetSizeKB dt:dt="string"> </WorkingSetSizeKB><ImageFullName dt:dt="string"> </ImageFullName><ImageSize dt:dt="string"> </ImageSize><FileVersion dt:dt="string"> </FileVersion><LastModifiedDateTime dt:dt="string"> </LastModifiedDateTime></RunningApplication><RunningApplication><ImageName dt:dt="string">mfevtps.exe</ImageName><ProcessID dt:dt="string">1680</ProcessID><WorkingSetSizeKB dt:dt="string"> </WorkingSetSizeKB><ImageFullName dt:dt="string"> </ImageFullName><ImageSize dt:dt="string"> </ImageSize><FileVersion dt:dt="string"> </FileVersion><LastModifiedDateTime dt:dt="string"> </LastModifiedDateTime></RunningApplication><RunningApplication><ImageName dt:dt="string">svchost.exe</ImageName><ProcessID dt:dt="string">1724</ProcessID><WorkingSetSizeKB dt:dt="string"> </WorkingSetSizeKB><ImageFullName dt:dt="string"> </ImageFullName><ImageSize dt:dt="string"> </ImageSize><FileVersion dt:dt="string"> </FileVersion><LastModifiedDateTime dt:dt="string"> </LastModifiedDateTime></RunningApplication><RunningApplication><ImageName dt:dt="string">svchost.exe</ImageName><ProcessID dt:dt="string">1744</ProcessID><WorkingSetSizeKB dt:dt="string"> </WorkingSetSizeKB><ImageFullName dt:dt="string"> </ImageFullName><ImageSize dt:dt="string"> </ImageSize><FileVersion dt:dt="string"> </FileVersion><LastModifiedDateTime dt:dt="string"> </LastModifiedDateTime></RunningApplication><RunningApplication><ImageName dt:dt="string">svchost.exe</ImageName><ProcessID dt:dt="string">1788</ProcessID><WorkingSetSizeKB dt:dt="string"> </WorkingSetSizeKB><ImageFullName dt:dt="string"> </ImageFullName><ImageSize dt:dt="string"> </ImageSize><FileVersion dt:dt="string"> </FileVersion><LastModifiedDateTime dt:dt="string"> </LastModifiedDateTime></RunningApplication><RunningApplication><ImageName dt:dt="string">mcshield.exe</ImageName><ProcessID dt:dt="string">1884</ProcessID><WorkingSetSizeKB dt:dt="string"> </WorkingSetSizeKB><ImageFullName dt:dt="string"> </ImageFullName><ImageSize dt:dt="string"> </ImageSize><FileVersion dt:dt="string"> </FileVersion><LastModifiedDateTime dt:dt="string"> </LastModifiedDateTime></RunningApplication><RunningApplication><ImageName dt:dt="string">CcmExec.exe</ImageName><ProcessID dt:dt="string">1936</ProcessID><WorkingSetSizeKB dt:dt="string"> </WorkingSetSizeKB><ImageFullName dt:dt="string"> </ImageFullName><ImageSize dt:dt="string"> </ImageSize><FileVersion dt:dt="string"> </FileVersion><LastModifiedDateTime dt:dt="string"> </LastModifiedDateTime></RunningApplication><RunningApplication><ImageName dt:dt="string">svchost.exe</ImageName><ProcessID dt:dt="string">2184</ProcessID><WorkingSetSizeKB dt:dt="string"> </WorkingSetSizeKB><ImageFullName dt:dt="string"> </ImageFullName><ImageSize dt:dt="string"> </ImageSize><FileVersion dt:dt="string"> </FileVersion><LastModifiedDateTime dt:dt="string"> </LastModifiedDateTime></RunningApplication><RunningApplication><ImageName dt:dt="string">conhost.exe</ImageName><ProcessID dt:dt="string">2564</ProcessID><WorkingSetSizeKB dt:dt="string"> </WorkingSetSizeKB><ImageFullName dt:dt="string"> </ImageFullName><ImageSize dt:dt="string"> </ImageSize><FileVersion dt:dt="string"> </FileVersion><LastModifiedDateTime dt:dt="string"> </LastModifiedDateTime></RunningApplication><RunningApplication><ImageName dt:dt="string">macompatsvc.exe</ImageName><ProcessID dt:dt="string">2884</ProcessID><WorkingSetSizeKB dt:dt="string"> </WorkingSetSizeKB><ImageFullName dt:dt="string"> </ImageFullName><ImageSize dt:dt="string"> </ImageSize><FileVersion dt:dt="string"> </FileVersion><LastModifiedDateTime dt:dt="string"> </LastModifiedDateTime></RunningApplication><RunningApplication><ImageName dt:dt="string">WmiPrvSE.exe</ImageName><ProcessID dt:dt="string">3016</ProcessID><WorkingSetSizeKB dt:dt="string"> </WorkingSetSizeKB><ImageFullName dt:dt="string"> </ImageFullName><ImageSize dt:dt="string"> </ImageSize><FileVersion dt:dt="string"> </FileVersion><LastModifiedDateTime dt:dt="string"> </LastModifiedDateTime></RunningApplication><RunningApplication><ImageName dt:dt="string">ssonsvr.exe</ImageName><ProcessID dt:dt="string">3152</ProcessID><WorkingSetSizeKB dt:dt="string"> </WorkingSetSizeKB><ImageFullName dt:dt="string"> </ImageFullName><ImageSize dt:dt="string"> </ImageSize><FileVersion dt:dt="string"> </FileVersion><LastModifiedDateTime dt:dt="string"> </LastModifiedDateTime></RunningApplication><RunningApplication><ImageName dt:dt="string">taskhost.exe</ImageName><ProcessID dt:dt="string">3608</ProcessID><WorkingSetSizeKB dt:dt="string">10285</WorkingSetSizeKB><ImageFullName dt:dt="string"> </ImageFullName><ImageSize dt:dt="string"> </ImageSize><FileVersion dt:dt="string"> </FileVersion><LastModifiedDateTime dt:dt="string"> </LastModifiedDateTime></RunningApplication><RunningApplication><ImageName dt:dt="string">dwm.exe</ImageName><ProcessID dt:dt="string">3616</ProcessID><WorkingSetSizeKB dt:dt="string">59686</WorkingSetSizeKB><ImageFullName dt:dt="string"> </ImageFullName><ImageSize dt:dt="string"> </ImageSize><FileVersion dt:dt="string"> </FileVersion><LastModifiedDateTime dt:dt="string"> </LastModifiedDateTime></RunningApplication><RunningApplication><ImageName dt:dt="string">explorer.exe</ImageName><ProcessID dt:dt="string">3672</ProcessID><WorkingSetSizeKB dt:dt="string">71827</WorkingSetSizeKB><ImageFullName dt:dt="string"> </ImageFullName><ImageSize dt:dt="string"> </ImageSize><FileVersion dt:dt="string"> </FileVersion><LastModifiedDateTime dt:dt="string"> </LastModifiedDateTime></RunningApplication><RunningApplication><ImageName dt:dt="string">igfxtray.exe</ImageName><ProcessID dt:dt="string">3992</ProcessID><WorkingSetSizeKB dt:dt="string">5722</WorkingSetSizeKB><ImageFullName dt:dt="string"> </ImageFullName><ImageSize dt:dt="string"> </ImageSize><FileVersion dt:dt="string"> </FileVersion><LastModifiedDateTime dt:dt="string"> </LastModifiedDateTime></RunningApplication><RunningApplication><ImageName dt:dt="string">hkcmd.exe</ImageName><ProcessID dt:dt="string">4000</ProcessID><WorkingSetSizeKB dt:dt="string">4661</WorkingSetSizeKB><ImageFullName dt:dt="string"> </ImageFullName><ImageSize dt:dt="string"> </ImageSize><FileVersion dt:dt="string"> </FileVersion><LastModifiedDateTime dt:dt="string"> </LastModifiedDateTime></RunningApplication><RunningApplication><ImageName dt:dt="string">igfxpers.exe</ImageName><ProcessID dt:dt="string">4008</ProcessID><WorkingSetSizeKB dt:dt="string">6049</WorkingSetSizeKB><ImageFullName dt:dt="string"> </ImageFullName><ImageSize dt:dt="string"> </ImageSize><FileVersion dt:dt="string"> </FileVersion><LastModifiedDateTime dt:dt="string"> </LastModifiedDateTime></RunningApplication><RunningApplication><ImageName dt:dt="string">pnamain.exe</ImageName><ProcessID dt:dt="string">2128</ProcessID><WorkingSetSizeKB dt:dt="string">10723</WorkingSetSizeKB><ImageFullName dt:dt="string">C:\Program Files (x86)\Citrix\ICA Client\PNAMAIN.EXE</ImageFullName><ImageSize dt:dt="string">1227312</ImageSize><FileVersion dt:dt="string">13.4.0.25</FileVersion><LastModifiedDateTime dt:dt="string">12/14/2012 14:33:46</LastModifiedDateTime></RunningApplication><RunningApplication><ImageName dt:dt="string">concentr.exe</ImageName><ProcessID dt:dt="string">2336</ProcessID><WorkingSetSizeKB dt:dt="string">6791</WorkingSetSizeKB><ImageFullName dt:dt="string">C:\Program Files (x86)\Citrix\ICA Client\concentr.exe</ImageFullName><ImageSize dt:dt="string">383544</ImageSize><FileVersion dt:dt="string">13.4.0.25</FileVersion><LastModifiedDateTime dt:dt="string">12/14/2012 14:24:56</LastModifiedDateTime></RunningApplication><RunningApplication><ImageName dt:dt="string">UpdaterUI.exe</ImageName><ProcessID dt:dt="string">3588</ProcessID><WorkingSetSizeKB dt:dt="string">5648</WorkingSetSizeKB><ImageFullName dt:dt="string">C:\Program Files (x86)\McAfee\Common Framework\x86\UpdaterUI.exe</ImageFullName><ImageSize dt:dt="string">516464</ImageSize><FileVersion dt:dt="string">5.0.2.132</FileVersion><LastModifiedDateTime dt:dt="string">07/12/2015 23:17:32</LastModifiedDateTime></RunningApplication><RunningApplication><ImageName dt:dt="string">Receiver.exe</ImageName><ProcessID dt:dt="string">3912</ProcessID><WorkingSetSizeKB dt:dt="string">10153</WorkingSetSizeKB><ImageFullName dt:dt="string">C:\Program Files (x86)\Citrix\ICA Client\Receiver\Receiver.exe</ImageFullName><ImageSize dt:dt="string">1481200</ImageSize><FileVersion dt:dt="string">3.4.0.29577</FileVersion><LastModifiedDateTime dt:dt="string">12/14/2012 16:18:50</LastModifiedDateTime></RunningApplication><RunningApplication><ImageName dt:dt="string">SearchIndexer.exe</ImageName><ProcessID dt:dt="string">3576</ProcessID><WorkingSetSizeKB dt:dt="string"> </WorkingSetSizeKB><ImageFullName dt:dt="string"> </ImageFullName><ImageSize dt:dt="string"> </ImageSize><FileVersion dt:dt="string"> </FileVersion><LastModifiedDateTime dt:dt="string"> </LastModifiedDateTime></RunningApplication><RunningApplication><ImageName dt:dt="string">mctray.exe</ImageName><ProcessID dt:dt="string">4288</ProcessID><WorkingSetSizeKB dt:dt="string">2109</WorkingSetSizeKB><ImageFullName dt:dt="string">C:\Program Files (x86)\McAfee\Common Framework\x86\McTray.exe</ImageFullName><ImageSize dt:dt="string">92016</ImageSize><FileVersion dt:dt="string">2.2.0.465</FileVersion><LastModifiedDateTime dt:dt="string">06/26/2015 21:37:16</LastModifiedDateTime></RunningApplication><RunningApplication><ImageName dt:dt="string">wfcrun32.exe</ImageName><ProcessID dt:dt="string">4836</ProcessID><WorkingSetSizeKB dt:dt="string">7741</WorkingSetSizeKB><ImageFullName dt:dt="string">C:\Program Files (x86)\Citrix\ICA Client\WFCRUN32.EXE</ImageFullName><ImageSize dt:dt="string">887352</ImageSize><FileVersion dt:dt="string">13.4.0.25</FileVersion><LastModifiedDateTime dt:dt="string">12/14/2012 14:26:06</LastModifiedDateTime></RunningApplication><RunningApplication><ImageName dt:dt="string">WmiPrvSE.exe</ImageName><ProcessID dt:dt="string">3844</ProcessID><WorkingSetSizeKB dt:dt="string"> </WorkingSetSizeKB><ImageFullName dt:dt="string"> </ImageFullName><ImageSize dt:dt="string"> </ImageSize><FileVersion dt:dt="string"> </FileVersion><LastModifiedDateTime dt:dt="string"> </LastModifiedDateTime></RunningApplication><RunningApplication><ImageName dt:dt="string">OUTLOOK.EXE</ImageName><ProcessID dt:dt="string">5092</ProcessID><WorkingSetSizeKB dt:dt="string">235847</WorkingSetSizeKB><ImageFullName dt:dt="string">C:\Program Files (x86)\Microsoft Office\Office14\OUTLOOK.EXE</ImageFullName><ImageSize dt:dt="string">16043720</ImageSize><FileVersion dt:dt="string">14.0.7169.5000</FileVersion><LastModifiedDateTime dt:dt="string">04/20/2016 12:30:22</LastModifiedDateTime></RunningApplication><RunningApplication><ImageName dt:dt="string">OSPPSVC.EXE</ImageName><ProcessID dt:dt="string">5116</ProcessID><WorkingSetSizeKB dt:dt="string"> </WorkingSetSizeKB><ImageFullName dt:dt="string"> </ImageFullName><ImageSize dt:dt="string"> </ImageSize><FileVersion dt:dt="string"> </FileVersion><LastModifiedDateTime dt:dt="string"> </LastModifiedDateTime></RunningApplication><RunningApplication><ImageName dt:dt="string">chrome.exe</ImageName><ProcessID dt:dt="string">3840</ProcessID><WorkingSetSizeKB dt:dt="string">115793</WorkingSetSizeKB><ImageFullName dt:dt="string">C:\Users\prochazkovae\AppData\Local\Google\Chrome\Application\chrome.exe</ImageFullName><ImageSize dt:dt="string">748872</ImageSize><FileVersion dt:dt="string">48.0.2564.97</FileVersion><LastModifiedDateTime dt:dt="string">01/27/2016 18:39:48</LastModifiedDateTime></RunningApplication><RunningApplication><ImageName dt:dt="string">chrome.exe</ImageName><ProcessID dt:dt="string">4460</ProcessID><WorkingSetSizeKB dt:dt="string">49881</WorkingSetSizeKB><ImageFullName dt:dt="string">C:\Users\prochazkovae\AppData\Local\Google\Chrome\Application\chrome.exe</ImageFullName><ImageSize dt:dt="string">748872</ImageSize><FileVersion dt:dt="string">48.0.2564.97</FileVersion><LastModifiedDateTime dt:dt="string">01/27/2016 18:39:48</LastModifiedDateTime></RunningApplication><RunningApplication><ImageName dt:dt="string">chrome.exe</ImageName><ProcessID dt:dt="string">4804</ProcessID><WorkingSetSizeKB dt:dt="string">16896</WorkingSetSizeKB><ImageFullName dt:dt="string">C:\Users\prochazkovae\AppData\Local\Google\Chrome\Application\chrome.exe</ImageFullName><ImageSize dt:dt="string">748872</ImageSize><FileVersion dt:dt="string">48.0.2564.97</FileVersion><LastModifiedDateTime dt:dt="string">01/27/2016 18:39:48</LastModifiedDateTime></RunningApplication><RunningApplication><ImageName dt:dt="string">chrome.exe</ImageName><ProcessID dt:dt="string">3436</ProcessID><WorkingSetSizeKB dt:dt="string">44187</WorkingSetSizeKB><ImageFullName dt:dt="string">C:\Users\prochazkovae\AppData\Local\Google\Chrome\Application\chrome.exe</ImageFullName><ImageSize dt:dt="string">748872</ImageSize><FileVersion dt:dt="string">48.0.2564.97</FileVersion><LastModifiedDateTime dt:dt="string">01/27/2016 18:39:48</LastModifiedDateTime></RunningApplication><RunningApplication><ImageName dt:dt="string">chrome.exe</ImageName><ProcessID dt:dt="string">528</ProcessID><WorkingSetSizeKB dt:dt="string">166916</WorkingSetSizeKB><ImageFullName dt:dt="string">C:\Users\prochazkovae\AppData\Local\Google\Chrome\Application\chrome.exe</ImageFullName><ImageSize dt:dt="string">748872</ImageSize><FileVersion dt:dt="string">48.0.2564.97</FileVersion><LastModifiedDateTime dt:dt="string">01/27/2016 18:39:48</LastModifiedDateTime></RunningApplication><RunningApplication><ImageName dt:dt="string">chrome.exe</ImageName><ProcessID dt:dt="string">2016</ProcessID><WorkingSetSizeKB dt:dt="string">114720</WorkingSetSizeKB><ImageFullName dt:dt="string">C:\Users\prochazkovae\AppData\Local\Google\Chrome\Application\chrome.exe</ImageFullName><ImageSize dt:dt="string">748872</ImageSize><FileVersion dt:dt="string">48.0.2564.97</FileVersion><LastModifiedDateTime dt:dt="string">01/27/2016 18:39:48</LastModifiedDateTime></RunningApplication><RunningApplication><ImageName dt:dt="string">E-Studio.exe</ImageName><ProcessID dt:dt="string">1896</ProcessID><WorkingSetSizeKB dt:dt="string">129646</WorkingSetSizeKB><ImageFullName dt:dt="string">C:\Program Files (x86)\PST\E-Prime 2.0\Program\E-Studio.exe</ImageFullName><ImageSize dt:dt="string">6763304</ImageSize><FileVersion dt:dt="string">2.0.10.252</FileVersion><LastModifiedDateTime dt:dt="string">03/23/2015 18:06:30</LastModifiedDateTime></RunningApplication><RunningApplication><ImageName dt:dt="string">splwow64.exe</ImageName><ProcessID dt:dt="string">500</ProcessID><WorkingSetSizeKB dt:dt="string">4190</WorkingSetSizeKB><ImageFullName dt:dt="string"> </ImageFullName><ImageSize dt:dt="string"> </ImageSize><FileVersion dt:dt="string"> </FileVersion><LastModifiedDateTime dt:dt="string"> </LastModifiedDateTime></RunningApplication><RunningApplication><ImageName dt:dt="string">chrome.exe</ImageName><ProcessID dt:dt="string">1772</ProcessID><WorkingSetSizeKB dt:dt="string">34230</WorkingSetSizeKB><ImageFullName dt:dt="string">C:\Users\prochazkovae\AppData\Local\Google\Chrome\Application\chrome.exe</ImageFullName><ImageSize dt:dt="string">748872</ImageSize><FileVersion dt:dt="string">48.0.2564.97</FileVersion><LastModifiedDateTime dt:dt="string">01/27/2016 18:39:48</LastModifiedDateTime></RunningApplication><RunningApplication><ImageName dt:dt="string">chrome.exe</ImageName><ProcessID dt:dt="string">4772</ProcessID><WorkingSetSizeKB dt:dt="string">56909</WorkingSetSizeKB><ImageFullName dt:dt="string">C:\Users\prochazkovae\AppData\Local\Google\Chrome\Application\chrome.exe</ImageFullName><ImageSize dt:dt="string">748872</ImageSize><FileVersion dt:dt="string">48.0.2564.97</FileVersion><LastModifiedDateTime dt:dt="string">01/27/2016 18:39:48</LastModifiedDateTime></RunningApplication><RunningApplication><ImageName dt:dt="string">chrome.exe</ImageName><ProcessID dt:dt="string">3032</ProcessID><WorkingSetSizeKB dt:dt="string">99168</WorkingSetSizeKB><ImageFullName dt:dt="string">C:\Users\prochazkovae\AppData\Local\Google\Chrome\Application\chrome.exe</ImageFullName><ImageSize dt:dt="string">748872</ImageSize><FileVersion dt:dt="string">48.0.2564.97</FileVersion><LastModifiedDateTime dt:dt="string">01/27/2016 18:39:48</LastModifiedDateTime></RunningApplication><RunningApplication><ImageName dt:dt="string">chrome.exe</ImageName><ProcessID dt:dt="string">3260</ProcessID><WorkingSetSizeKB dt:dt="string">13504</WorkingSetSizeKB><ImageFullName dt:dt="string">C:\Users\prochazkovae\AppData\Local\Google\Chrome\Application\chrome.exe</ImageFullName><ImageSize dt:dt="string">748872</ImageSize><FileVersion dt:dt="string">48.0.2564.97</FileVersion><LastModifiedDateTime dt:dt="string">01/27/2016 18:39:48</LastModifiedDateTime></RunningApplication><RunningApplication><ImageName dt:dt="string">chrome.exe</ImageName><ProcessID dt:dt="string">4064</ProcessID><WorkingSetSizeKB dt:dt="string">13398</WorkingSetSizeKB><ImageFullName dt:dt="string">C:\Users\prochazkovae\AppData\Local\Google\Chrome\Application\chrome.exe</ImageFullName><ImageSize dt:dt="string">748872</ImageSize><FileVersion dt:dt="string">48.0.2564.97</FileVersion><LastModifiedDateTime dt:dt="string">01/27/2016 18:39:48</LastModifiedDateTime></RunningApplication><RunningApplication><ImageName dt:dt="string">chrome.exe</ImageName><ProcessID dt:dt="string">5104</ProcessID><WorkingSetSizeKB dt:dt="string">41803</WorkingSetSizeKB><ImageFullName dt:dt="string">C:\Users\prochazkovae\AppData\Local\Google\Chrome\Application\chrome.exe</ImageFullName><ImageSize dt:dt="string">748872</ImageSize><FileVersion dt:dt="string">48.0.2564.97</FileVersion><LastModifiedDateTime dt:dt="string">01/27/2016 18:39:48</LastModifiedDateTime></RunningApplication><RunningApplication><ImageName dt:dt="string">audiodg.exe</ImageName><ProcessID dt:dt="string">3524</ProcessID><WorkingSetSizeKB dt:dt="string"> </WorkingSetSizeKB><ImageFullName dt:dt="string"> </ImageFullName><ImageSize dt:dt="string"> </ImageSize><FileVersion dt:dt="string"> </FileVersion><LastModifiedDateTime dt:dt="string"> </LastModifiedDateTime></RunningApplication><RunningApplication><ImageName dt:dt="string">WmiPrvSE.exe</ImageName><ProcessID dt:dt="string">5112</ProcessID><WorkingSetSizeKB dt:dt="string"> </WorkingSetSizeKB><ImageFullName dt:dt="string"> </ImageFullName><ImageSize dt:dt="string"> </ImageSize><FileVersion dt:dt="string"> </FileVersion><LastModifiedDateTime dt:dt="string"> </LastModifiedDateTime></RunningApplication><RunningApplication><ImageName dt:dt="string">WmiPrvSE.exe</ImageName><ProcessID dt:dt="string">3448</ProcessID><WorkingSetSizeKB dt:dt="string"> </WorkingSetSizeKB><ImageFullName dt:dt="string"> </ImageFullName><ImageSize dt:dt="string"> </ImageSize><FileVersion dt:dt="string"> </FileVersion><LastModifiedDateTime dt:dt="string"> </LastModifiedDateTime></RunningApplication><RunningApplication><ImageName dt:dt="string">TrustedInstaller.exe</ImageName><ProcessID dt:dt="string">5500</ProcessID><WorkingSetSizeKB dt:dt="string"> </WorkingSetSizeKB><ImageFullName dt:dt="string"> </ImageFullName><ImageSize dt:dt="string"> </ImageSize><FileVersion dt:dt="string"> </FileVersion><LastModifiedDateTime dt:dt="string"> </LastModifiedDateTime></RunningApplication><RunningApplication><ImageName dt:dt="string">igfxsrvc.exe</ImageName><ProcessID dt:dt="string">5732</ProcessID><WorkingSetSizeKB dt:dt="string">7319</WorkingSetSizeKB><ImageFullName dt:dt="string"> </ImageFullName><ImageSize dt:dt="string"> </ImageSize><FileVersion dt:dt="string"> </FileVersion><LastModifiedDateTime dt:dt="string"> </LastModifiedDateTime></RunningApplication></RunningApplications><OperatingSystem><Property><PropertyName dt:dt="string">Description</PropertyName><PropertyValue dt:dt="string">Windows 7</PropertyValue></Property><Property><PropertyName dt:dt="string">VersionMajor</PropertyName><PropertyValue>6</PropertyValue></Property><Property><PropertyName dt:dt="string">VersionMinor</PropertyName><PropertyValue>1</PropertyValue></Property><Property><PropertyName dt:dt="string">BuildNumber</PropertyName><PropertyValue>7601</PropertyValue></Property><Property><PropertyName dt:dt="string">PlatformNumber</PropertyName><PropertyValue>2</PropertyValue></Property><Property><PropertyName dt:dt="string">VersionExtra</PropertyName><PropertyValue dt:dt="string">Service Pack 1</PropertyValue></Property><Property><PropertyName dt:dt="string">ServicePackMajor</PropertyName><PropertyValue dt:dt="int">1</PropertyValue></Property><Property><PropertyName dt:dt="string">ServicePackMinor</PropertyName><PropertyValue dt:dt="int">0</PropertyValue></Property><Property><PropertyName dt:dt="string">SuiteMask</PropertyName><PropertyValue dt:dt="int">256</PropertyValue></Property><Property><PropertyName dt:dt="string">ProductType</PropertyName><PropertyValue dt:dt="int">1</PropertyValue></Property><Property><PropertyName dt:dt="string">Reserved</PropertyName><PropertyValue dt:dt="int">0</PropertyValue></Property></OperatingSystem><BIOS><Type0><Property><PropertyName dt:dt="string">Vendor</PropertyName><PropertyValue dt:dt="string">FUJITSU // American Megatrends Inc.</PropertyValue></Property><Property><PropertyName dt:dt="string">BIOSVersion</PropertyName><PropertyValue dt:dt="string">V4.6.4.0 R1.10.0 for D2991-A1x</PropertyValue></Property><Property><PropertyName dt:dt="string">BIOSReleaseDate</PropertyName><PropertyValue dt:dt="string">04/02/2012</PropertyValue></Property></Type0><Type1><Property><PropertyName dt:dt="string">Manufacture</PropertyName><PropertyValue dt:dt="string">FUJITSU</PropertyValue></Property><Property><PropertyName dt:dt="string">ProductName</PropertyName><PropertyValue dt:dt="string">ESPRIMO E500</PropertyValue></Property><Property><PropertyName dt:dt="string">Version</PropertyName><PropertyValue dt:dt="string">                      </PropertyValue></Property><Property><PropertyName dt:dt="string">SerialNumber</PropertyName><PropertyValue dt:dt="string">YLCS080271</PropertyValue></Property></Type1><Type2><Property><PropertyName dt:dt="string">Manufacture</PropertyName><PropertyValue dt:dt="string">FUJITSU</PropertyValue></Property><Property><PropertyName dt:dt="string">ProductName</PropertyName><PropertyValue dt:dt="string">D2991-A1</PropertyValue></Property><Property><PropertyName dt:dt="string">Version</PropertyName><PropertyValue dt:dt="string">S26361-D2991-A1            </PropertyValue></Property><Property><PropertyName dt:dt="string">SerialNumber</PropertyName><PropertyValue dt:dt="string">B211C5BD</PropertyValue></Property><Property><PropertyName dt:dt="string">AssetTag</PropertyName><PropertyValue dt:dt="string">                      </PropertyValue></Property></Type2><Type3><Property><PropertyName dt:dt="string">Manufacture</PropertyName><PropertyValue dt:dt="string">FUJITSU</PropertyValue></Property><Property><PropertyName dt:dt="string">Version</PropertyName><PropertyValue dt:dt="string">C$ELW3</PropertyValue></Property><Property><PropertyName dt:dt="string">SerialNumber</PropertyName><PropertyValue dt:dt="string">YLCS080271</PropertyValue></Property><Property><PropertyName dt:dt="string">AssetTag</PropertyName><PropertyValue dt:dt="string">                                        </PropertyValue></Property></Type3></BIOS></Report>
